<?xml version="1.0" encoding="UTF-8"?>
<testng-results ignored="0" total="1" passed="1" failed="0" skipped="0">
  <reporter-output>
  </reporter-output>
  <suite started-at="2024-08-01T00:06:09 IST" name="Default suite" finished-at="2024-08-01T00:06:09 IST" duration-ms="46">
    <groups>
    </groups>
    <test started-at="2024-08-01T00:06:09 IST" name="Default test" finished-at="2024-08-01T00:06:09 IST" duration-ms="46">
      <class name="Steams1">
        <test-method signature="streamCollect()[pri:0, instance:Steams1@48f278eb]" started-at="2024-08-01T00:06:09 IST" name="streamCollect" finished-at="2024-08-01T00:06:09 IST" duration-ms="14" status="PASS">
          <reporter-output>
          </reporter-output>
        </test-method> <!-- streamCollect -->
      </class> <!-- Steams1 -->
    </test> <!-- Default test -->
  </suite> <!-- Default suite -->
</testng-results>
